ERROR 2021-04-14 18:01:43,213 views 33261 140457268377344 aaa
ERROR 2021-04-14 18:06:51,880 views aaa
ERROR 2021-04-14 19:52:03,365 views Invalid IP address in request
ERROR 2021-04-14 19:57:05,881 views Invalid IP address in request
ERROR 2021-04-14 20:05:38,188 apps Library file incorect
ERROR 2021-04-14 20:05:38,365 apps Library file incorect
ERROR 2021-04-14 20:06:06,610 views Invalid IP address in request
ERROR 2021-04-14 20:06:07,574 views Invalid IP address in request
ERROR 2021-04-14 20:06:08,419 views Invalid IP address in request
ERROR 2021-04-14 20:10:02,979 apps Library file incorect
ERROR 2021-04-14 20:11:41,691 apps Library file incorect
ERROR 2021-04-14 20:13:16,409 apps Library file incorect
ERROR 2021-04-14 20:14:43,979 apps Library file incorect
ERROR 2021-04-14 20:15:18,768 apps Library file incorect
ERROR 2021-04-15 20:00:41,848 views Invalid IP address in request
ERROR 2021-04-15 20:00:52,556 views Invalid IP address in request
ERROR 2021-04-15 20:02:14,490 views Invalid IP address in request
ERROR 2021-04-15 20:04:10,810 views Invalid IP address in request
ERROR 2021-04-15 20:06:18,566 views Invalid IP address in request
ERROR 2021-04-15 20:06:47,792 views Invalid IP address in request
ERROR 2021-04-15 20:08:04,660 views Invalid IP address in request
ERROR 2021-04-15 20:09:19,144 views Invalid IP address in request
ERROR 2021-04-15 20:09:19,152 views Invalid IP address in request
ERROR 2021-04-15 20:10:13,970 views Invalid IP address in request
ERROR 2021-04-15 20:10:13,976 views Invalid IP address in request
ERROR 2021-04-15 20:11:40,049 views Invalid IP address in request
ERROR 2021-04-15 20:11:42,326 views Invalid IP address in request
ERROR 2021-04-15 20:14:14,775 views Invalid IP address in request
ERROR 2021-04-15 20:14:14,781 views Invalid IP address in request
ERROR 2021-04-15 20:14:24,947 views Invalid IP address in request
ERROR 2021-04-15 20:14:24,953 views Invalid IP address in request
ERROR 2021-04-15 20:15:03,901 views Invalid IP address in request
ERROR 2021-04-15 20:15:03,907 views Invalid IP address in request
ERROR 2021-04-15 20:17:35,661 views Invalid IP address in request
ERROR 2021-04-15 20:17:35,667 views Invalid IP address in request
ERROR 2021-04-15 20:18:00,163 views Invalid IP address in request
ERROR 2021-04-15 20:18:00,169 views Invalid IP address in request
ERROR 2021-04-15 20:18:18,639 views Invalid IP address in request
ERROR 2021-04-15 20:18:18,644 views Invalid IP address in request
ERROR 2021-04-15 20:18:43,610 views Invalid IP address in request
ERROR 2021-04-15 20:18:43,617 views Invalid IP address in request
ERROR 2021-04-17 09:35:26,343 views Invalid IP address in request
ERROR 2021-04-17 09:35:26,349 views Invalid IP address in request
ERROR 2021-04-17 09:35:56,542 views Invalid IP address in request
ERROR 2021-04-17 09:35:56,548 views Invalid IP address in request
ERROR 2021-04-17 09:36:45,545 views Invalid IP address in request
ERROR 2021-04-17 09:36:45,550 views Invalid IP address in request
ERROR 2021-04-17 09:37:00,053 views Invalid IP address in request
ERROR 2021-04-17 09:37:00,063 views Invalid IP address in request
ERROR 2021-04-17 09:37:18,395 views Invalid IP address in request
ERROR 2021-04-17 09:37:18,401 views Invalid IP address in request
ERROR 2021-04-17 09:41:35,539 views Invalid IP address in request
ERROR 2021-04-17 09:41:35,546 views Invalid IP address in request
ERROR 2021-04-17 09:54:10,445 views Invalid IP address in request
ERROR 2021-04-17 09:54:10,451 views Invalid IP address in request
ERROR 2021-04-17 09:55:40,944 views Invalid IP address in request
ERROR 2021-04-17 09:55:40,950 views Invalid IP address in request
ERROR 2021-04-17 10:04:13,670 views Invalid IP address in request
ERROR 2021-04-17 10:04:13,677 views Invalid IP address in request
ERROR 2021-04-17 10:16:32,793 views Invalid IP address in request
ERROR 2021-04-17 10:16:32,800 views Invalid IP address in request
ERROR 2021-04-17 10:29:37,431 views Invalid IP address in request
ERROR 2021-04-17 10:29:37,437 views Invalid IP address in request
ERROR 2021-04-17 10:30:56,461 views Invalid IP address in request
ERROR 2021-04-17 10:30:56,467 views Invalid IP address in request
ERROR 2021-04-17 10:31:23,533 views Invalid IP address in request
ERROR 2021-04-17 10:31:23,539 views Invalid IP address in request
ERROR 2021-04-17 10:32:14,844 views Invalid IP address in request
ERROR 2021-04-17 10:32:14,850 views Invalid IP address in request
ERROR 2021-04-17 10:32:39,785 views Invalid IP address in request
ERROR 2021-04-17 10:32:39,791 views Invalid IP address in request
ERROR 2021-04-17 10:33:53,160 views Invalid IP address in request
ERROR 2021-04-17 10:33:53,167 views Invalid IP address in request
ERROR 2021-04-17 14:52:59,190 apps Library file location is incorect
ERROR 2021-04-17 14:52:59,362 apps Library file location is incorect
ERROR 2021-04-17 14:54:17,620 apps Library file location is incorect
ERROR 2021-04-17 14:55:22,718 apps Library file location is incorect
ERROR 2021-04-17 14:55:49,423 apps Library file location is incorect
ERROR 2021-04-17 14:55:53,019 apps Library file location is incorect
ERROR 2021-04-17 14:55:53,191 apps Library file location is incorect
ERROR 2021-04-17 14:59:09,538 apps Library file location is incorect
ERROR 2021-04-17 14:59:25,373 apps Library file location is incorect
ERROR 2021-04-17 14:59:25,575 apps Library file location is incorect
ERROR 2021-04-17 15:14:59,700 apps No LIBRARY_PATH settings in Django settings file
ERROR 2021-04-17 15:15:03,096 apps No LIBRARY_PATH settings in Django settings file
ERROR 2021-04-17 15:15:06,237 apps No LIBRARY_PATH settings in Django settings file
ERROR 2021-04-17 15:15:06,408 apps No LIBRARY_PATH settings in Django settings file
ERROR 2021-04-17 15:15:40,088 apps No LIBRARY_PATH settings in Django settings file
ERROR 2021-04-17 15:16:03,718 apps No LIBRARY_PATH settings in Django settings file
ERROR 2021-04-17 15:16:10,205 apps No LIBRARY_PATH settings in Django settings file
ERROR 2021-04-17 15:16:15,702 apps No LIBRARY_PATH settings in Django settings file
ERROR 2021-04-17 15:21:39,110 apps Library file location is incorect
ERROR 2021-04-17 15:21:45,035 apps Library file location is incorect
ERROR 2021-04-17 15:21:45,206 apps Library file location is incorect
ERROR 2021-04-17 15:31:33,642 heavy_load No LIBRARY_PATH settings in Django settings file
ERROR 2021-04-17 15:31:44,154 heavy_load No LIBRARY_PATH settings in Django settings file
ERROR 2021-04-17 15:31:44,324 heavy_load No LIBRARY_PATH settings in Django settings file
ERROR 2021-04-17 15:32:17,609 heavy_load Library file location is incorect
ERROR 2021-04-17 15:32:17,781 heavy_load Library file location is incorect
ERROR 2021-04-17 15:34:33,742 heavy_load Library file location is incorect
ERROR 2021-04-17 15:34:33,742 heavy_load LIBRARY_PATH setting in Django settings is incorect
ERROR 2021-04-17 15:35:03,556 heavy_load LIBRARY_PATH setting in Django settings (library location) is incorect
ERROR 2021-04-17 15:35:08,424 heavy_load LIBRARY_PATH setting in Django settings (library location) is incorect
ERROR 2021-04-17 15:35:08,593 heavy_load LIBRARY_PATH setting in Django settings (library location) is incorect
ERROR 2021-04-17 15:36:31,809 heavy_load LIBRARY_PATH setting in Django settings is incorect
ERROR 2021-04-17 15:36:31,979 heavy_load LIBRARY_PATH setting in Django settings is incorect
ERROR 2021-04-18 11:41:02,760 views Invalid IP address in request
ERROR 2021-04-18 11:50:42,280 heavy_load LIBRARY_PATH setting in Django settings is incorect
ERROR 2021-04-18 11:52:09,375 heavy_load: LIBRARY_PATH setting in Django settings is incorect
ERROR 2021-04-18 11:53:24,755 heavy_load: LIBRARY_PATH setting in Django settings is incorect
ERROR 2021-04-18 12:27:51,298 heavy_load: No LIBRARY_PATH settings in Django settings file
